<?xml version="1.0" encoding="UTF-8"?>
<testng-results ignored="0" total="1" passed="1" failed="0" skipped="0">
  <reporter-output>
  </reporter-output>
  <suite started-at="2023-05-12T19:10:51 IST" name="Default suite" finished-at="2023-05-12T19:10:51 IST" duration-ms="62">
    <groups>
    </groups>
    <test started-at="2023-05-12T19:10:51 IST" name="Default test" finished-at="2023-05-12T19:10:51 IST" duration-ms="62">
      <class name="vTiger.Practice.ReadDataFromCmdLine">
        <test-method signature="readDta()[pri:0, instance:vTiger.Practice.ReadDataFromCmdLine@243c4f91]" started-at="2023-05-12T19:10:51 IST" name="readDta" finished-at="2023-05-12T19:10:51 IST" duration-ms="16" status="PASS">
          <reporter-output>
          </reporter-output>
        </test-method> <!-- readDta -->
      </class> <!-- vTiger.Practice.ReadDataFromCmdLine -->
    </test> <!-- Default test -->
  </suite> <!-- Default suite -->
</testng-results>
